<?xml version="1.0" encoding="UTF-8"?>
<!-- Generated by org.testng.reporters.JUnitXMLReporter -->
<testsuite ignored="0" hostname="MJ-HP" failures="0" tests="0" name="WordPress_smokeTest" time="0.295" errors="0" timestamp="2023-10-07T07:25:37 IST">
  <testcase classname="io.cucumber.testng.AbstractTestNGCucumberTests" name="@BeforeClass setUpClass" time="0.192">
    <failure type="java.lang.NoSuchMethodError" message="&amp;apos;void io.cucumber.core.runtime.ThreadLocalRunnerSupplier.&amp;lt;init&amp;gt;(io.cucumber.core.runner.Options, io.cucumber.core.eventbus.EventBus, io.cucumber.core.runtime.BackendSupplier, io.cucumber.core.runtime.ObjectFactorySupplier)&amp;apos;">
      <![CDATA[java.lang.NoSuchMethodError: 'void io.cucumber.core.runtime.ThreadLocalRunnerSupplier.<init>(io.cucumber.core.runner.Options, io.cucumber.core.eventbus.EventBus, io.cucumber.core.runtime.BackendSupplier, io.cucumber.core.runtime.ObjectFactorySupplier)'
at io.cucumber.testng.TestNGCucumberRunner.<init>(TestNGCucumberRunner.java:116)
at io.cucumber.testng.AbstractTestNGCucumberTests.setUpClass(AbstractTestNGCucumberTests.java:27)
at java.base/java.util.ArrayList.forEach(ArrayList.java:1511)
... Removed 23 stack frames]]>
    </failure>
  </testcase> <!-- @BeforeClass setUpClass -->
</testsuite> <!-- WordPress_smokeTest -->
